INFO - file - 2021-05-21 13:58:42 - update_monitor_new.py - main_test - 464: 本次的更新/新增/删除内容为[['更新内容'
  'PMID:30449794|PMID:20979472|NCCN Guideline: Soft Tissue Sarcoma <4.2019>\n-to-\nPMID:30449794|PMID:20979472|NCCN Guideline: Soft Tissue Sarcoma <2.2021>'
  'NCT00585195' 'guideline:NCCN' '1' 'ceritinib' 'ceritinib' 'ceritinib'
  '塞瑞替尼' 'ceritinib|塞瑞替尼' '4' 'Inflammatory Myofibroblastic Tumor' '.'
  '炎性肌纤维母细胞瘤' '炎性肌纤维母细胞瘤' 'sensitivity' 'EVI_001584'
  '炎性肌纤维母细胞瘤-ceritinib-sensitivity-ALK-FUS-.-ALK-.' 'ALK' 'FUS' 'FUS' '.'
  '.-ALK' '.' '.\n-to-\n{更新NCCN版本}'
  '一名37岁炎性肌纤维母细胞瘤的女性患者，手术完全切除后肿瘤复发。基因检测发现其携带ALK融合基因突变，使用crizotinib治疗导致后获得完全缓解。在另一项临床试验中，一名携带ALK基因融合的炎性肌纤维母细胞瘤患者使用crizotinib治疗后获得部分缓解。NCCN指南目前也推荐携带ALK基因突变炎性肌纤维母细胞瘤（Inflammatory myofibroblastic tumor）的患者可以考虑使用crizotinb或ceritinib进行治疗。'
  'F' '敏感' 'n'
  '中国临床肿瘤学会（CSCO）以1A类证据推荐已接受过奥沙利铂和伊立替康治疗的RAS或BRAF突变型结直肠癌可行regorafenib治疗。'
  '']
 ['更新内容'
  'PMID:30449794|PMID:20979472|NCCN Guideline: Soft Tissue Sarcoma <4.2019>\n-to-\nPMID:30449794|PMID:20979472|NCCN Guideline: Soft Tissue Sarcoma <2.2021>'
  'NCT00585195' 'guideline:NCCN' '1' 'crizotinib' 'crizotinib'
  'crizotinib' '克唑替尼' 'crizotinib|克唑替尼' '4'
  'Inflammatory Myofibroblastic Tumor' '.' '炎性肌纤维母细胞瘤' '炎性肌纤维母细胞瘤'
  'sensitivity' 'EVI_001585'
  '炎性肌纤维母细胞瘤-crizotinib-sensitivity-ALK-FUS-.-ALK-.' 'ALK' 'FUS' 'FUS'
  '.' '.-ALK' '.' '.\n-to-\n{更新NCCN版本}'
  '一名37岁炎性肌纤维母细胞瘤的女性患者，手术完全切除后肿瘤复发。基因检测发现其携带ALK融合基因突变，使用crizotinib治疗导致后获得完全缓解。在另一项临床试验中，一名携带ALK基因融合的炎性肌纤维母细胞瘤患者使用crizotinib治疗后获得部分缓解。NCCN指南目前也推荐携带ALK基因突变炎性肌纤维母细胞瘤（Inflammatory myofibroblastic tumor）的患者可以考虑使用crizotinb或ceritinib进行治疗。'
  'F' '敏感' 'n'
  '一名37岁携带ALK融合基因突变的炎性肌纤维母细胞瘤的女性患者，手术完全切除后肿瘤复发，使用crizotinib治疗导致后获得完全缓解。在另一项临床试验中，一名携带ALK基因融合的炎性肌纤维母细胞瘤患者使用crizotinib治疗后获得部分缓解。NCCN指南目前也推荐携带ALK基因突变炎性肌纤维母细胞瘤的患者可以考虑使用crizotinb或ceritinib进行治疗。'
  '']
 ['更新内容'
  'NCCN Guideline: Soft Tissue Sarcoma <4.2019>|PMID:23569312\n-to-\nNCCN Guideline: Soft Tissue Sarcoma <2.2021>|PMID:23569312'
  'NCT01209598' 'guideline:NCCN' '1' 'palbociclib' 'palbociclib'
  'palbociclib' '哌柏西利' 'palbociclib|哌柏西利' '4' 'liposarcoma' 'liposarcoma'
  '脂肪肉瘤' '脂肪肉瘤' 'sensitivity' 'EVI_001740'
  '脂肪肉瘤-palbociclib-sensitivity-CDK4-CNV-.-gain' 'CDK4' 'CNV' 'CNV' '.'
  '.' 'gain' '.\n-to-\n{更新NCCN版本}'
  '一项临床试验评估了palbociclib（哌柏西利）对高分化脂肪肉瘤（WDLS）和去分化脂肪肉瘤（DDLS）的安全性和有效性。年龄≥18岁的患者在入组前接受过全身治疗后并发生疾病进展。所有患者均需通过荧光原位杂交进行CDK4扩增检测，并通过免疫组织化学检测成视网膜细胞瘤蛋白（RB）表达。该临床试验共筛选了48例患者（其44例患者有CDK4扩增； 41例患者RB表达阳性[≥1+]）。最终30名患者（同时具有CDK4扩增且RB蛋白表达阳性）被纳入研究，其中29名患者可以评估主要终点（PFS）。12周的PFS率为66%，中位PFS为18周。其中一名患者取得部分缓解。'
  'A' '敏感' 'n' '' '']
 ['更新内容' 'PMID:26084990' 'NCT01370070'
  'clinical trial - phase2\n-to-\ncase report' '4' '.' 'MK2206' 'MK-2206'
  'MK-2206' 'MK-2206|MK-2206' '2' '.' 'nasopharynx carcinoma' '鼻咽癌' '鼻咽癌'
  'sensitivity' 'EVI_001014' '鼻咽癌-MK-2206-sensitivity-PIK3CA-CNV-.-gain'
  'PIK3CA' 'CNV' 'CNV' '.' '.' 'gain' '.\n-to-\n{更新为case report}'
  '一项临床试验入选21例患者，1例患者获得部分缓解（5%），11例患者稳定（52%），中位PFS为3.5个月（95%置信区间，CI：0.9-7.3）。 6个月的PFS率为43%（95%CI：22-66%），中位OS为10个月（95%CI：5.9个月 - 未达到）。 7名患者（33%）经历3级毒性，可能与MK-2206有关。 黄斑-丘疹性皮疹最常见（n = 6），其次是高血糖症（n = 2）和疲劳（n = 1）。 在分析的12个肿瘤样本中，一个患者检测到PIK3CA扩增，其SD超过12个月。\n-to-\n一项2期临床试验（NCT01370070）研究了AKT抑制剂MK-2206在复发或转移性鼻咽癌（NPC）患者中的疗效。共计招募21例患者，1例患者获得部分缓解（5%），11例患者稳定（52%），中位PFS为3.5个月（95%CI：0.9-7.3）。 6个月的PFS率为43%（95%CI：22-66%），中位OS为10个月（95%CI：5.9个月-未达到）。 7例患者（33%）经历3级毒性，可能与MK-2206有关。 黄斑-丘疹性皮疹最常见（n = 6），其次是高血糖症（n = 2）和疲劳（n = 1）。 在分析的12例肿瘤样本中，一例患者检测到PIK3CA扩增，其SD超过12个月。'
  'A' '可能敏感' 'n'
  '一项临床试验结果显示，入组的21例肿瘤患者中，有12例对MK-2206治疗有反应，其中1位患者检测到PIK3CA扩增。' '']
 ['更新内容' 'NCCN Guideline: Histiocytic Neoplasms <1.2021>' '.'
  'guideline:NCCN' '1' 'crizotinib' 'crizotinib' 'crizotinib' '克唑替尼'
  'crizotinib|克唑替尼' '4' 'Erdheim-Chester disease'
  'Erdheim-Chester disease' 'Erdheim-Chester疾病' 'Erdheim-Chester疾病'
  'sensitivity' 'EVI_003692'
  'Erdheim-Chester疾病-crizotinib-sensitivity-ALK-FUS-.-ALK-\n-to-\nErdheim-Chester疾病-crizotinib-sensitivity-ALK-FUS-.-ALK-.'
  'ALK' 'FUS' 'FUS' '.' '.-ALK' '.' '{节后录入}\n-to-\n更新记录'
  'NCCN指南提示crizotinib单药可用于ALK融合的Erdheim-Chester疾病（ECD）一线或后续治疗方案。' 'F'
  '敏感' 'n' '' '']
 ['更新内容'
  'NCCN Guideline: Melanoma Cutaneous <2.2021>|PMID:22798288|PMID:29903896'
  '.' 'guideline:NCCN' '1' 'encorafenib + binimetinib'
  'encorafenib + binimetinib' 'encorafenib + binimetinib'
  'encorafenib + binimetinib'
  'encorafenib + binimetinib|encorafenib + binimetinib' '.'
  'cutaneous melanoma' 'cutaneous melanoma' '黑色素瘤' '黑色素瘤' 'sensitivity'
  'EVI_003342'
  '黑色素瘤-encorafenib + binimetinib-sensitivity-BRAF-nonsynonymous SNV-p.L597.-.'
  'BRAF' 'nonsynonymous SNV' 'Partial_pos' 'exon15' 'p.L597.' '.' '.'
  'NCCN指南（皮肤黑色素瘤）中表明携带BRAF外显子15近V600位点附近的点突变（尤其是L597和K601）的肿瘤患者可能对MEK抑制剂（trametinib，binimetinib，cobimetinib）或者BRAF抑制剂和MEK抑制的组合用药（如trametinib + dabrafenib，encorafenib + binimetinib，vemurafenib + cobimetinib）敏感。\n-to-\nNCCN指南（皮肤黑色素瘤）中表明携带BRAF外显子15近V600位点附近的点突变（尤其是L597和K601）的肿瘤患者可能对MEK抑制剂（trametinib，binimetinib，cobimetinib）或者BRAF抑制剂和MEK抑制剂的组合用药（如trametinib + dabrafenib，encorafenib + binimetinib，vemurafenib + cobimetinib）敏感。'
  'S' '敏感' 'n' '' '']
 ['更新内容' 'NCCN Guideline: Melanoma Cutaneous <2.2021>' '.'
  'guideline:NCCN' '1' 'trametinib' 'trametinib' 'trametinib' '曲美替尼'
  'trametinib|曲美替尼' '.' 'cutaneous melanoma' 'cutaneous melanoma' '黑色素瘤'
  '黑色素瘤' 'sensitivity' 'EVI_003334'
  '黑色素瘤-trametinib-sensitivity-BRAF-nonsynonymous SNV-p.K601.-.' 'BRAF'
  'nonsynonymous SNV' 'Partial_pos' 'exon15' 'p.K601.' '.' '.'
  'NCCN指南（皮肤黑色素瘤）中表明携带BRAF外显子15近V600位点附近的点突变（尤其是L597和K601）的肿瘤患者可能对MEK抑制剂（trametinib，binimetinib，cobimetinib）或者BRAF抑制剂和MEK抑制的组合用药（如trametinib + dabrafenib，encorafenib + binimetinib，vemurafenib + cobimetinib）敏感。\n-to-\nNCCN指南（皮肤黑色素瘤）中表明携带BRAF外显子15近V600位点附近的点突变（尤其是L597和K601）的肿瘤患者可能对MEK抑制剂（trametinib，binimetinib，cobimetinib）或者BRAF抑制剂和MEK抑制剂的组合用药（如trametinib + dabrafenib，encorafenib + binimetinib，vemurafenib + cobimetinib）敏感。'
  'S' '敏感' 'n' '' '']
 ['更新内容' 'NCCN Guideline: Melanoma Cutaneous <2.2021>' '.'
  'guideline:NCCN' '1' 'cobimetinib' 'cobimetinib' 'cobimetinib'
  'cobimetinib' 'cobimetinib|cobimetinib' '.' 'cutaneous melanoma'
  'cutaneous melanoma' '黑色素瘤' '黑色素瘤' 'sensitivity' 'EVI_003337'
  '黑色素瘤-cobimetinib-sensitivity-BRAF-nonsynonymous SNV-p.L597.-.' 'BRAF'
  'nonsynonymous SNV' 'Partial_pos' 'exon15' 'p.L597.' '.' '.'
  'NCCN指南（皮肤黑色素瘤）中表明携带BRAF外显子15近V600位点附近的点突变（尤其是L597和K601）的肿瘤患者可能对MEK抑制剂（trametinib，binimetinib，cobimetinib）或者BRAF抑制剂和MEK抑制的组合用药（如trametinib + dabrafenib，encorafenib + binimetinib，vemurafenib + cobimetinib）敏感。\n-to-\nNCCN指南（皮肤黑色素瘤）中表明携带BRAF外显子15近V600位点附近的点突变（尤其是L597和K601）的肿瘤患者可能对MEK抑制剂（trametinib，binimetinib，cobimetinib）或者BRAF抑制剂和MEK抑制剂的组合用药（如trametinib + dabrafenib，encorafenib + binimetinib，vemurafenib + cobimetinib）敏感。'
  'S' '敏感' 'n' '' '']
 ['更新内容'
  'NCCN Guideline: Melanoma Cutaneous <2.2021>|PMID:22798288|PMID:29903896'
  '.' 'guideline:NCCN' '1' 'trametinib + dabrafenib'
  'trametinib + dabrafenib' 'trametinib + dabrafenib' '曲美替尼 + 达拉非尼'
  'trametinib + dabrafenib|曲美替尼 + 达拉非尼' '.' 'cutaneous melanoma'
  'cutaneous melanoma' '黑色素瘤' '黑色素瘤' 'sensitivity' 'EVI_003341'
  '黑色素瘤-trametinib + dabrafenib-sensitivity-BRAF-nonsynonymous SNV-p.K601.-.'
  'BRAF' 'nonsynonymous SNV' 'Partial_pos' 'exon15' 'p.K601.' '.' '.'
  'NCCN指南（皮肤黑色素瘤）中表明携带BRAF外显子15近V600位点附近的点突变（尤其是L597和K601）的肿瘤患者可能对MEK抑制剂（trametinib，binimetinib，cobimetinib）或者BRAF抑制剂和MEK抑制的组合用药（如trametinib + dabrafenib，encorafenib + binimetinib，vemurafenib + cobimetinib）敏感。\n-to-\nNCCN指南（皮肤黑色素瘤）中表明携带BRAF外显子15近V600位点附近的点突变（尤其是L597和K601）的肿瘤患者可能对MEK抑制剂（trametinib，binimetinib，cobimetinib）或者BRAF抑制剂和MEK抑制剂的组合用药（如trametinib + dabrafenib，encorafenib + binimetinib，vemurafenib + cobimetinib）敏感。'
  'S' '敏感' 'n' '' '']
 ['更新内容' 'NCCN Guideline: Melanoma Cutaneous <2.2021>' '.'
  'guideline:NCCN' '1' 'binimetinib' 'binimetinib' 'binimetinib'
  'binimetinib' 'binimetinib|binimetinib' '.' 'cutaneous melanoma'
  'cutaneous melanoma' '黑色素瘤' '黑色素瘤' 'sensitivity' 'EVI_003336'
  '黑色素瘤-binimetinib-sensitivity-BRAF-nonsynonymous SNV-p.K601.-.' 'BRAF'
  'nonsynonymous SNV' 'Partial_pos' 'exon15' 'p.K601.' '.' '.'
  'NCCN指南（皮肤黑色素瘤）中表明携带BRAF外显子15近V600位点附近的点突变（尤其是L597和K601）的肿瘤患者可能对MEK抑制剂（trametinib，binimetinib，cobimetinib）或者BRAF抑制剂和MEK抑制的组合用药（如trametinib + dabrafenib，encorafenib + binimetinib，vemurafenib + cobimetinib）敏感。\n-to-\nNCCN指南（皮肤黑色素瘤）中表明携带BRAF外显子15近V600位点附近的点突变（尤其是L597和K601）的肿瘤患者可能对MEK抑制剂（trametinib，binimetinib，cobimetinib）或者BRAF抑制剂和MEK抑制剂的组合用药（如trametinib + dabrafenib，encorafenib + binimetinib，vemurafenib + cobimetinib）敏感。'
  'S' '敏感' 'n' '' '']
 ['更新内容'
  'NCCN Guideline: Melanoma Cutaneous <2.2021>|PMID:22798288|PMID:29903896'
  '.' 'guideline:NCCN' '1' 'trametinib + dabrafenib'
  'trametinib + dabrafenib' 'trametinib + dabrafenib' '曲美替尼 + 达拉非尼'
  'trametinib + dabrafenib|曲美替尼 + 达拉非尼' '.' 'cutaneous melanoma'
  'cutaneous melanoma' '黑色素瘤' '黑色素瘤' 'sensitivity' 'EVI_003340'
  '黑色素瘤-trametinib + dabrafenib-sensitivity-BRAF-nonsynonymous SNV-p.L597.-.'
  'BRAF' 'nonsynonymous SNV' 'Partial_pos' 'exon15' 'p.L597.' '.' '.'
  'NCCN指南（皮肤黑色素瘤）中表明携带BRAF外显子15近V600位点附近的点突变（尤其是L597和K601）的肿瘤患者可能对MEK抑制剂（trametinib，binimetinib，cobimetinib）或者BRAF抑制剂和MEK抑制的组合用药（如trametinib + dabrafenib，encorafenib + binimetinib，vemurafenib + cobimetinib）敏感。\n-to-\nNCCN指南（皮肤黑色素瘤）中表明携带BRAF外显子15近V600位点附近的点突变（尤其是L597和K601）的肿瘤患者可能对MEK抑制剂（trametinib，binimetinib，cobimetinib）或者BRAF抑制剂和MEK抑制剂的组合用药（如trametinib + dabrafenib，encorafenib + binimetinib，vemurafenib + cobimetinib）敏感。'
  'S' '敏感' 'n' '' '']
 ['更新内容'
  'NCCN Guideline: Melanoma Cutaneous <2.2021>|PMID:22798288|PMID:29903896'
  '.' 'guideline:NCCN' '1' 'encorafenib + binimetinib'
  'encorafenib + binimetinib' 'encorafenib + binimetinib'
  'encorafenib + binimetinib'
  'encorafenib + binimetinib|encorafenib + binimetinib' '.'
  'cutaneous melanoma' 'cutaneous melanoma' '黑色素瘤' '黑色素瘤' 'sensitivity'
  'EVI_003343'
  '黑色素瘤-encorafenib + binimetinib-sensitivity-BRAF-nonsynonymous SNV-p.K601.-.'
  'BRAF' 'nonsynonymous SNV' 'Partial_pos' 'exon15' 'p.K601.' '.' '.'
  'NCCN指南（皮肤黑色素瘤）中表明携带BRAF外显子15近V600位点附近的点突变（尤其是L597和K601）的肿瘤患者可能对MEK抑制剂（trametinib，binimetinib，cobimetinib）或者BRAF抑制剂和MEK抑制的组合用药（如trametinib + dabrafenib，encorafenib + binimetinib，vemurafenib + cobimetinib）敏感。\n-to-\nNCCN指南（皮肤黑色素瘤）中表明携带BRAF外显子15近V600位点附近的点突变（尤其是L597和K601）的肿瘤患者可能对MEK抑制剂（trametinib，binimetinib，cobimetinib）或者BRAF抑制剂和MEK抑制剂的组合用药（如trametinib + dabrafenib，encorafenib + binimetinib，vemurafenib + cobimetinib）敏感。'
  'S' '敏感' 'n' '' '']
 ['更新内容'
  'NCCN Guideline: Melanoma Cutaneous <2.2021>|PMID:22798288|PMID:29903896'
  '.' 'guideline:NCCN' '1' 'vemurafenib + cobimetinib'
  'vemurafenib + cobimetinib' 'vemurafenib + cobimetinib'
  '维莫非尼 + cobimetinib' 'vemurafenib + cobimetinib|维莫非尼 + cobimetinib' '.'
  'cutaneous melanoma' 'cutaneous melanoma' '黑色素瘤' '黑色素瘤' 'sensitivity'
  'EVI_003345'
  '黑色素瘤-vemurafenib + cobimetinib-sensitivity-BRAF-nonsynonymous SNV-p.K601.-.'
  'BRAF' 'nonsynonymous SNV' 'Partial_pos' 'exon15' 'p.K601.' '.'
  '建议删除EVI_001431，新增vemurafenib + cobimetinib用于BRAF K601黑色素瘤'
  'NCCN指南（皮肤黑色素瘤）中表明携带BRAF外显子15近V600位点附近的点突变（尤其是L597和K601）的肿瘤患者可能对MEK抑制剂（trametinib，binimetinib，cobimetinib）或者BRAF抑制剂和MEK抑制的组合用药（如trametinib + dabrafenib，encorafenib + binimetinib，vemurafenib + cobimetinib）敏感。\n-to-\nNCCN指南（皮肤黑色素瘤）中表明携带BRAF外显子15近V600位点附近的点突变（尤其是L597和K601）的肿瘤患者可能对MEK抑制剂（trametinib，binimetinib，cobimetinib）或者BRAF抑制剂和MEK抑制剂的组合用药（如trametinib + dabrafenib，encorafenib + binimetinib，vemurafenib + cobimetinib）敏感。'
  'S' '敏感' 'n' '' '']
 ['更新内容' 'NCCN Guideline: Melanoma Cutaneous <2.2021>' '.'
  'guideline:NCCN' '1' 'trametinib' 'trametinib' 'trametinib' '曲美替尼'
  'trametinib|曲美替尼' '.' 'cutaneous melanoma' 'cutaneous melanoma' '黑色素瘤'
  '黑色素瘤' 'sensitivity' 'EVI_003333'
  '黑色素瘤-trametinib-sensitivity-BRAF-nonsynonymous SNV-p.L597.-.' 'BRAF'
  'nonsynonymous SNV' 'Partial_pos' 'exon15' 'p.L597.' '.' '.'
  'NCCN指南（皮肤黑色素瘤）中表明携带BRAF外显子15近V600位点附近的点突变（尤其是L597和K601）的肿瘤患者可能对MEK抑制剂（trametinib，binimetinib，cobimetinib）或者BRAF抑制剂和MEK抑制的组合用药（如trametinib + dabrafenib，encorafenib + binimetinib，vemurafenib + cobimetinib）敏感。\n-to-\nNCCN指南（皮肤黑色素瘤）中表明携带BRAF外显子15近V600位点附近的点突变（尤其是L597和K601）的肿瘤患者可能对MEK抑制剂（trametinib，binimetinib，cobimetinib）或者BRAF抑制剂和MEK抑制剂的组合用药（如trametinib + dabrafenib，encorafenib + binimetinib，vemurafenib + cobimetinib）敏感。'
  'S' '敏感' 'n' '' '']
 ['更新内容' 'NCCN Guideline: Melanoma Cutaneous <2.2021>' '.'
  'guideline:NCCN' '1' 'binimetinib' 'binimetinib' 'binimetinib'
  'binimetinib' 'binimetinib|binimetinib' '.' 'cutaneous melanoma'
  'cutaneous melanoma' '黑色素瘤' '黑色素瘤' 'sensitivity' 'EVI_003335'
  '黑色素瘤-binimetinib-sensitivity-BRAF-nonsynonymous SNV-p.L597.-.' 'BRAF'
  'nonsynonymous SNV' 'Partial_pos' 'exon15' 'p.L597.' '.' '.'
  'NCCN指南（皮肤黑色素瘤）中表明携带BRAF外显子15近V600位点附近的点突变（尤其是L597和K601）的肿瘤患者可能对MEK抑制剂（trametinib，binimetinib，cobimetinib）或者BRAF抑制剂和MEK抑制的组合用药（如trametinib + dabrafenib，encorafenib + binimetinib，vemurafenib + cobimetinib）敏感。\n-to-\nNCCN指南（皮肤黑色素瘤）中表明携带BRAF外显子15近V600位点附近的点突变（尤其是L597和K601）的肿瘤患者可能对MEK抑制剂（trametinib，binimetinib，cobimetinib）或者BRAF抑制剂和MEK抑制剂的组合用药（如trametinib + dabrafenib，encorafenib + binimetinib，vemurafenib + cobimetinib）敏感。'
  'S' '敏感' 'n' '' '']
 ['更新内容' 'NCCN Guideline: Melanoma Cutaneous <2.2021>' '.'
  'guideline:NCCN' '1' 'cobimetinib' 'cobimetinib' 'cobimetinib'
  'cobimetinib' 'cobimetinib|cobimetinib' '.' 'cutaneous melanoma'
  'cutaneous melanoma' '黑色素瘤' '黑色素瘤' 'sensitivity' 'EVI_003338'
  '黑色素瘤-cobimetinib-sensitivity-BRAF-nonsynonymous SNV-p.K601.-.' 'BRAF'
  'nonsynonymous SNV' 'Partial_pos' 'exon15' 'p.K601.' '.' '.'
  'NCCN指南（皮肤黑色素瘤）中表明携带BRAF外显子15近V600位点附近的点突变（尤其是L597和K601）的肿瘤患者可能对MEK抑制剂（trametinib，binimetinib，cobimetinib）或者BRAF抑制剂和MEK抑制的组合用药（如trametinib + dabrafenib，encorafenib + binimetinib，vemurafenib + cobimetinib）敏感。\n-to-\nNCCN指南（皮肤黑色素瘤）中表明携带BRAF外显子15近V600位点附近的点突变（尤其是L597和K601）的肿瘤患者可能对MEK抑制剂（trametinib，binimetinib，cobimetinib）或者BRAF抑制剂和MEK抑制剂的组合用药（如trametinib + dabrafenib，encorafenib + binimetinib，vemurafenib + cobimetinib）敏感。'
  'S' '敏感' 'n' '' '']
 ['更新内容'
  'NCCN Guideline: Melanoma Cutaneous <2.2021>|PMID:22798288|PMID:29903896'
  '.' 'guideline:NCCN' '1' 'vemurafenib + cobimetinib'
  'vemurafenib + cobimetinib' 'vemurafenib + cobimetinib'
  '维莫非尼 + cobimetinib' 'vemurafenib + cobimetinib|维莫非尼 + cobimetinib' '.'
  'cutaneous melanoma' 'cutaneous melanoma' '黑色素瘤' '黑色素瘤' 'sensitivity'
  'EVI_003344'
  '黑色素瘤-vemurafenib + cobimetinib-sensitivity-BRAF-nonsynonymous SNV-p.L597.-.'
  'BRAF' 'nonsynonymous SNV' 'Partial_pos' 'exon15' 'p.L597.' '.'
  '新增vemurafenib + cobimetinib用于BRAF L597黑色素瘤'
  'NCCN指南（皮肤黑色素瘤）中表明携带BRAF外显子15近V600位点附近的点突变（尤其是L597和K601）的肿瘤患者可能对MEK抑制剂（trametinib，binimetinib，cobimetinib）或者BRAF抑制剂和MEK抑制的组合用药（如trametinib + dabrafenib，encorafenib + binimetinib，vemurafenib + cobimetinib）敏感。\n-to-\nNCCN指南（皮肤黑色素瘤）中表明携带BRAF外显子15近V600位点附近的点突变（尤其是L597和K601）的肿瘤患者可能对MEK抑制剂（trametinib，binimetinib，cobimetinib）或者BRAF抑制剂和MEK抑制剂的组合用药（如trametinib + dabrafenib，encorafenib + binimetinib，vemurafenib + cobimetinib）敏感。'
  'S' '敏感' 'n' '' '']]
INFO - file - 2021-05-21 13:58:47 - update_monitor_new.py - main_test - 477: 本次的更新/新增/删除内容已写入本地文件
INFO - file - 2021-05-21 13:58:55 - update_monitor_new.py - main_test - 492: 本次的最新main表已写入本地文件
INFO - file - 2021-05-21 17:26:20 - update_monitor_new.py - main_test - 499: 本次无更新/新增/删除内容
